[debug] [2019-06-24T06:05:55.773Z] ----------------------------------------------------------------------
[debug] [2019-06-24T06:05:55.778Z] Command:       /usr/local/bin/node /usr/local/bin/firebase deploy --only functions
[debug] [2019-06-24T06:05:55.779Z] CLI Version:   7.0.1
[debug] [2019-06-24T06:05:55.779Z] Platform:      darwin
[debug] [2019-06-24T06:05:55.779Z] Node Version:  v11.5.0
[debug] [2019-06-24T06:05:55.780Z] Time:          Mon Jun 24 2019 15:05:55 GMT+0900 (Japan Standard Time)
[debug] [2019-06-24T06:05:55.781Z] ----------------------------------------------------------------------
[debug] 
[debug] [2019-06-24T06:05:55.801Z] > command requires scopes: ["email","openid","https://www.googleapis.com/auth/cloudplatformprojects.readonly","https://www.googleapis.com/auth/firebase","https://www.googleapis.com/auth/cloud-platform"]
[debug] [2019-06-24T06:05:55.801Z] > authorizing via signed-in user
[debug] [2019-06-24T06:05:55.801Z] [iam] checking project marshall-3a11e for permissions ["cloudfunctions.functions.create","cloudfunctions.functions.delete","cloudfunctions.functions.get","cloudfunctions.functions.list","cloudfunctions.functions.update","cloudfunctions.operations.get","firebase.projects.get"]
[debug] [2019-06-24T06:05:55.803Z] > refreshing access token with scopes: ["email","https://www.googleapis.com/auth/cloud-platform","https://www.googleapis.com/auth/cloudplatformprojects.readonly","https://www.googleapis.com/auth/firebase","openid"]
[debug] [2019-06-24T06:05:55.804Z] >>> HTTP REQUEST POST https://www.googleapis.com/oauth2/v3/token  
 <request body omitted>
[debug] [2019-06-24T06:05:56.382Z] <<< HTTP RESPONSE 200
[debug] [2019-06-24T06:05:56.397Z] >>> HTTP REQUEST POST https://cloudresourcemanager.googleapis.com/v1/projects/marshall-3a11e:testIamPermissions  

[debug] [2019-06-24T06:05:57.330Z] <<< HTTP RESPONSE 200
[info] 
[info] === Deploying to 'marshall-3a11e'...
[info] 
[info] i  deploying functions
[debug] [2019-06-24T06:06:01.751Z] > [functions] package.json contents: {
  "name": "functions",
  "description": "Cloud Functions for Firebase",
  "scripts": {
    "serve": "firebase serve --only functions",
    "shell": "firebase functions:shell",
    "start": "npm run shell",
    "deploy": "firebase deploy --only functions",
    "logs": "firebase functions:log"
  },
  "engines": {
    "node": "8"
  },
  "dependencies": {
    "firebase-admin": "^8.0.0",
    "firebase-functions": "^3.0.0"
  },
  "devDependencies": {
    "firebase-functions-test": "^0.1.6"
  },
  "private": true
}
[info] i  functions: ensuring necessary APIs are enabled...
[debug] [2019-06-24T06:06:01.753Z] >>> HTTP REQUEST GET https://servicemanagement.googleapis.com/v1/services/cloudfunctions.googleapis.com/projectSettings/marshall-3a11e?view=CONSUMER_VIEW  
 
[debug] [2019-06-24T06:06:01.754Z] >>> HTTP REQUEST GET https://servicemanagement.googleapis.com/v1/services/runtimeconfig.googleapis.com/projectSettings/marshall-3a11e?view=CONSUMER_VIEW  
 
[debug] [2019-06-24T06:06:03.955Z] <<< HTTP RESPONSE 200
[debug] [2019-06-24T06:06:04.246Z] <<< HTTP RESPONSE 200
[info] ✔  functions: all necessary APIs are enabled
[debug] [2019-06-24T06:06:04.248Z] >>> HTTP REQUEST GET https://cloudresourcemanager.googleapis.com/v1/projects/marshall-3a11e  
 
[debug] [2019-06-24T06:06:05.526Z] <<< HTTP RESPONSE 200
[debug] [2019-06-24T06:06:05.526Z] >>> HTTP REQUEST GET https://mobilesdk-pa.googleapis.com/v1/projects/1008414826087:getServerAppConfig  
 
[debug] [2019-06-24T06:06:06.244Z] <<< HTTP RESPONSE 200
[info] i  functions: preparing functions directory for uploading...
[debug] [2019-06-24T06:06:06.248Z] >>> HTTP REQUEST GET https://runtimeconfig.googleapis.com/v1beta1/projects/marshall-3a11e/configs  
 
[debug] [2019-06-24T06:06:06.853Z] <<< HTTP RESPONSE 200
[info] i  functions: packaged functions (25.46 KB) for uploading
[debug] [2019-06-24T06:06:07.321Z] >>> HTTP REQUEST POST https://cloudfunctions.googleapis.com/v1/projects/marshall-3a11e/locations/us-central1/functions:generateUploadUrl  
 
[debug] [2019-06-24T06:06:08.082Z] <<< HTTP RESPONSE 200
[debug] [2019-06-24T06:06:08.083Z] >>> HTTP REQUEST PUT https://storage.googleapis.com/gcf-upload-us-central1-12de7d89-713a-4bc3-8755-663024d3edd1/32a08527-4809-4f94-85f6-a4e8e68b53ba.zip?GoogleAccessId=service-1008414826087@gcf-admin-robot.iam.gserviceaccount.com&Expires=1561358167&Signature=mq%2BT01Kccs91EqoV5jKft%2B8C1TinuxI%2BqAEGS7BdyceDpls606uWo6eRDrzQW15Q%2BvXaeS%2FZ%2BazNk2ooVcFcqB%2FCyqUc2tOJe3afR2%2B0dhgf6yb9rI%2B9chZvtOMp%2BvYSx3CtAUyx2Ya7%2FAgw%2BG6lqtAwUUTkY3AJhEb7umxJMn8MooiaIfRcQoWT1Gi4eaSO42zUSRadbe5IfbB57nvyYgkETX%2BPlTYa3HYmx3AeQwh0El3957ysEDGLQi4f3q2sm6Wqsr9FIJNlcE3otlkpLJBccf5Wy48m8%2F0xG2xtpup95PgyE%2BMMk%2BnB0Pnzx6TAZ6%2BIfsad%2FIskq7eYpOR%2FWQ%3D%3D  

[debug] [2019-06-24T06:06:09.024Z] <<< HTTP RESPONSE 200
[info] ✔  functions: functions folder uploaded successfully
[debug] [2019-06-24T06:06:09.028Z] >>> HTTP REQUEST GET https://cloudfunctions.googleapis.com/v1/projects/marshall-3a11e/locations/-/functions  
 
